0 info it worked if it ends with ok
1 verbose cli [ '/usr/bin/node', '/usr/bin/npm', 'install' ]
2 info using npm@3.5.2
3 info using node@v8.10.0
4 silly loadCurrentTree Starting
5 silly install loadCurrentTree
6 silly install readLocalPackageData
7 silly install normalizeTree
8 silly loadCurrentTree Finishing
9 silly loadIdealTree Starting
10 silly install loadIdealTree
11 silly cloneCurrentTree Starting
12 silly install cloneCurrentTreeToIdealTree
13 silly cloneCurrentTree Finishing
14 silly loadShrinkwrap Starting
15 silly install loadShrinkwrap
16 silly loadShrinkwrap Finishing
17 silly loadAllDepsIntoIdealTree Starting
18 silly install loadAllDepsIntoIdealTree
19 silly fetchNamedPackageData http
20 silly mapToRegistry name http
21 silly mapToRegistry using default registry
22 silly mapToRegistry registry https://registry.npmjs.org/
23 silly mapToRegistry uri https://registry.npmjs.org/http
24 verbose request uri https://registry.npmjs.org/http
25 verbose request no auth needed
26 info attempt registry request try #1 at 2:24:54 PM
27 verbose request id 9cedc1e1ea20a7e2
28 verbose etag W/"7dd5fec3c06c655b32d503b1349b3b77"
29 verbose lastModified Sun, 27 May 2018 04:04:43 GMT
30 http request GET https://registry.npmjs.org/http
31 http 304 https://registry.npmjs.org/http
32 verbose headers { date: 'Thu, 24 Oct 2019 11:24:54 GMT',
32 verbose headers   connection: 'keep-alive',
32 verbose headers   'set-cookie':
32 verbose headers    [ '__cfduid=dff658d1a3ce5e116573c5c69246e814a1571916294; expires=Fri, 23-Oct-20 11:24:54 GMT; path=/; domain=.npmjs.org; HttpOnly' ],
32 verbose headers   'cf-cache-status': 'HIT',
32 verbose headers   'cache-control': 'max-age=300',
32 verbose headers   'cf-ray': '52ab964afe70d8e1-AMS',
32 verbose headers   age: '1230',
32 verbose headers   etag: '"7dd5fec3c06c655b32d503b1349b3b77"',
32 verbose headers   'expect-ct': 'max-age=604800, report-uri="https://report-uri.cloudflare.com/cdn-cgi/beacon/expect-ct"',
32 verbose headers   'last-modified': 'Sun, 27 May 2018 04:04:43 GMT',
32 verbose headers   vary: 'accept-encoding, accept',
32 verbose headers   server: 'cloudflare' }
33 silly get cb [ 304,
33 silly get   { date: 'Thu, 24 Oct 2019 11:24:54 GMT',
33 silly get     connection: 'keep-alive',
33 silly get     'set-cookie':
33 silly get      [ '__cfduid=dff658d1a3ce5e116573c5c69246e814a1571916294; expires=Fri, 23-Oct-20 11:24:54 GMT; path=/; domain=.npmjs.org; HttpOnly' ],
33 silly get     'cf-cache-status': 'HIT',
33 silly get     'cache-control': 'max-age=300',
33 silly get     'cf-ray': '52ab964afe70d8e1-AMS',
33 silly get     age: '1230',
33 silly get     etag: '"7dd5fec3c06c655b32d503b1349b3b77"',
33 silly get     'expect-ct': 'max-age=604800, report-uri="https://report-uri.cloudflare.com/cdn-cgi/beacon/expect-ct"',
33 silly get     'last-modified': 'Sun, 27 May 2018 04:04:43 GMT',
33 silly get     vary: 'accept-encoding, accept',
33 silly get     server: 'cloudflare' } ]
34 verbose etag https://registry.npmjs.org/http from cache
35 verbose get saving http to /home/mishok/.npm/registry.npmjs.org/http/.cache.json
36 silly fetchPackageMetaData Error: No compatible version found: http@ 0.8.5
36 silly fetchPackageMetaData Valid install targets:
36 silly fetchPackageMetaData 0.0.0
36 silly fetchPackageMetaData
36 silly fetchPackageMetaData     at pickVersionFromRegistryDocument (/usr/share/npm/lib/fetch-package-metadata.js:156:16)
36 silly fetchPackageMetaData     at /usr/share/npm/node_modules/iferr/index.js:13:50
36 silly fetchPackageMetaData     at /usr/share/npm/lib/utils/pulse-till-done.js:19:8
36 silly fetchPackageMetaData     at saved (/usr/share/npm/lib/cache/caching-client.js:168:7)
36 silly fetchPackageMetaData     at /usr/share/npm/node_modules/graceful-fs/polyfills.js:210:7
36 silly fetchPackageMetaData     at FSReqWrap.oncomplete (fs.js:135:15)
36 silly fetchPackageMetaData  error for http@ 0.8.5 Error: No compatible version found: http@ 0.8.5
36 silly fetchPackageMetaData Valid install targets:
36 silly fetchPackageMetaData 0.0.0
36 silly fetchPackageMetaData
36 silly fetchPackageMetaData     at pickVersionFromRegistryDocument (/usr/share/npm/lib/fetch-package-metadata.js:156:16)
36 silly fetchPackageMetaData     at /usr/share/npm/node_modules/iferr/index.js:13:50
36 silly fetchPackageMetaData     at /usr/share/npm/lib/utils/pulse-till-done.js:19:8
36 silly fetchPackageMetaData     at saved (/usr/share/npm/lib/cache/caching-client.js:168:7)
36 silly fetchPackageMetaData     at /usr/share/npm/node_modules/graceful-fs/polyfills.js:210:7
36 silly fetchPackageMetaData     at FSReqWrap.oncomplete (fs.js:135:15)
37 silly rollbackFailedOptional Starting
38 silly rollbackFailedOptional Finishing
39 silly runTopLevelLifecycles Starting
40 silly runTopLevelLifecycles Finishing
41 silly install printInstalled
42 verbose stack Error: No compatible version found: http@ 0.8.5
42 verbose stack Valid install targets:
42 verbose stack 0.0.0
42 verbose stack
42 verbose stack     at pickVersionFromRegistryDocument (/usr/share/npm/lib/fetch-package-metadata.js:156:16)
42 verbose stack     at /usr/share/npm/node_modules/iferr/index.js:13:50
42 verbose stack     at /usr/share/npm/lib/utils/pulse-till-done.js:19:8
42 verbose stack     at saved (/usr/share/npm/lib/cache/caching-client.js:168:7)
42 verbose stack     at /usr/share/npm/node_modules/graceful-fs/polyfills.js:210:7
42 verbose stack     at FSReqWrap.oncomplete (fs.js:135:15)
43 verbose cwd /home/mishok/Poker_profile/2019_2_TODO
44 error Linux 4.15.0-20-generic
45 error argv "/usr/bin/node" "/usr/bin/npm" "install"
46 error node v8.10.0
47 error npm  v3.5.2
48 error No compatible version found: http@ 0.8.5
48 error Valid install targets:
48 error 0.0.0
49 error If you need help, you may report this error at:
49 error     <https://github.com/npm/npm/issues>
50 verbose exit [ 1, true ]
